\BOOKMARK [1][-]{section.1}{\376\377\000I\000n\000s\000t\000r\000u\000c\000t\000i\000o\000n\000\040\000S\000e\000t\000\040\000A\000r\000c\000h\000i\000t\000e\000c\000t\000u\000r\000e}{}% 1
\BOOKMARK [1][-]{section.2}{\376\377\000M\000a\000c\000h\000i\000n\000e\000\040\000C\000o\000d\000e\000\040\000v\000s\000\040\000A\000s\000s\000e\000m\000b\000l\000y\000\040\000L\000a\000n\000g\000u\000a\000g\000e}{}% 2
\BOOKMARK [1][-]{section.3}{\376\377\000W\000a\000l\000k\000t\000h\000r\000o\000u\000g\000h}{}% 3
\BOOKMARK [2][-]{subsection.3.1}{\376\377\000M\000e\000m\000o\000r\000y\000\040\000I\000n\000s\000t\000r\000u\000c\000t\000i\000o\000n}{section.3}% 4
\BOOKMARK [2][-]{subsection.3.2}{\376\377\000R\000e\000g\000-\000t\000o\000-\000R\000e\000g\000\040\000A\000r\000i\000t\000h\000m\000e\000t\000i\000c\000,\000\040\000a\000n\000d\000\040\000o\000t\000h\000e\000r\000\040\000c\000a\000l\000c\000u\000l\000a\000t\000i\000o\000n\000\040\000i\000n\000s\000t\000r\000u\000c\000t\000i\000o\000n\000s}{section.3}% 5
\BOOKMARK [2][-]{subsection.3.3}{\376\377\000C\000o\000n\000t\000r\000o\000l\000\040\000f\000l\000o\000w\000\040\000i\000n\000s\000t\000r\000u\000c\000t\000i\000o\000n\000s}{section.3}% 6
\BOOKMARK [1][-]{section.4}{\376\377\000G\000e\000n\000e\000r\000a\000l\000\040\000P\000u\000r\000p\000o\000s\000e\000\040\000R\000e\000g\000i\000s\000t\000e\000r}{}% 7
\BOOKMARK [1][-]{section.5}{\376\377\000M\000I\000P\000S\000\040\000A\000s\000s\000e\000m\000b\000l\000y\000\040\000L\000a\000n\000g\000u\000a\000g\000e}{}% 8
\BOOKMARK [2][-]{subsection.5.1}{\376\377\000G\000e\000n\000e\000r\000a\000l\000\040\000I\000n\000s\000t\000r\000u\000c\000t\000i\000o\000n\000\040\000S\000y\000n\000t\000a\000x}{section.5}% 9
\BOOKMARK [2][-]{subsection.5.2}{\376\377\000A\000r\000i\000t\000h\000m\000e\000t\000i\000c\000\040\000O\000p\000e\000r\000a\000t\000i\000o\000n\000:\000\040\000A\000d\000d\000i\000t\000i\000o\000n}{section.5}% 10
\BOOKMARK [2][-]{subsection.5.3}{\376\377\000A\000r\000i\000t\000h\000m\000e\000t\000i\000c\000\040\000O\000p\000e\000r\000a\000t\000i\000o\000n\000:\000\040\000S\000u\000b\000t\000r\000a\000c\000t\000i\000o\000n}{section.5}% 11
\BOOKMARK [2][-]{subsection.5.4}{\376\377\000C\000o\000m\000p\000l\000e\000x\000\040\000E\000x\000p\000r\000e\000s\000s\000i\000o\000n\000s}{section.5}% 12
\BOOKMARK [2][-]{subsection.5.5}{\376\377\000C\000o\000n\000s\000t\000a\000n\000t\000/\000I\000m\000m\000e\000d\000i\000a\000t\000e\000\040\000O\000p\000e\000r\000a\000n\000d}{section.5}% 13
\BOOKMARK [2][-]{subsection.5.6}{\376\377\000R\000e\000g\000i\000s\000t\000e\000r\000\040\000Z\000e\000r\000o\000\040\000\050\000\044\0000\000\040\000o\000r\000\040\000\044\000z\000e\000r\000o\000\051}{section.5}% 14
\BOOKMARK [2][-]{subsection.5.7}{\376\377\000L\000o\000g\000i\000c\000a\000l\000\040\000O\000p\000e\000r\000a\000t\000i\000o\000n\000:\000\040\000O\000v\000e\000r\000v\000i\000e\000w}{section.5}% 15
\BOOKMARK [2][-]{subsection.5.8}{\376\377\000L\000o\000g\000i\000c\000a\000l\000\040\000O\000p\000e\000r\000a\000t\000i\000o\000n\000:\000\040\000S\000h\000i\000f\000t\000i\000n\000g}{section.5}% 16
\BOOKMARK [2][-]{subsection.5.9}{\376\377\000L\000o\000g\000i\000c\000a\000l\000\040\000O\000p\000e\000r\000a\000t\000i\000o\000n\000:\000\040\000B\000i\000t\000w\000i\000s\000e\000\040\000A\000N\000D}{section.5}% 17
\BOOKMARK [2][-]{subsection.5.10}{\376\377\000L\000o\000g\000i\000c\000a\000l\000\040\000O\000p\000e\000r\000a\000t\000i\000o\000n\000:\000\040\000B\000i\000t\000w\000i\000s\000e\000\040\000O\000R}{section.5}% 18
\BOOKMARK [2][-]{subsection.5.11}{\376\377\000L\000o\000g\000i\000c\000a\000l\000\040\000O\000p\000e\000r\000a\000t\000i\000o\000n\000:\000\040\000B\000i\000t\000w\000i\000s\000e\000\040\000N\000O\000R}{section.5}% 19
\BOOKMARK [2][-]{subsection.5.12}{\376\377\000L\000o\000g\000i\000c\000a\000l\000\040\000O\000p\000e\000r\000a\000t\000i\000o\000n\000:\000\040\000B\000i\000t\000w\000i\000s\000e\000\040\000X\000O\000R}{section.5}% 20
\BOOKMARK [1][-]{section.6}{\376\377\000L\000a\000r\000g\000e\000\040\000C\000o\000n\000s\000t\000a\000n\000t\000:\000\040\000C\000a\000s\000e\000\040\000s\000t\000u\000d\000y}{}% 21
\BOOKMARK [1][-]{section.7}{\376\377\000M\000I\000P\000S\000\040\000B\000a\000s\000i\000c\000\040\000I\000n\000s\000t\000r\000u\000c\000t\000i\000o\000n\000\040\000C\000h\000e\000c\000k\000l\000i\000s\000t}{}% 22
\BOOKMARK [1][-]{section.8}{\376\377\000T\000h\000e\000\040\000P\000r\000o\000c\000e\000s\000s\000o\000r\000\040\000-\000\040\000D\000a\000t\000a\000p\000a\000t\000h}{}% 23
\BOOKMARK [2][-]{subsection.8.1}{\376\377\000D\000a\000t\000a\000p\000a\000t\000h\000\040\000a\000n\000d\000\040\000C\000o\000n\000t\000r\000o\000l}{section.8}% 24
\BOOKMARK [2][-]{subsection.8.2}{\376\377\000M\000I\000P\000S\000\040\000P\000r\000o\000c\000e\000s\000s\000o\000r\000\040\000i\000m\000p\000l\000e\000m\000e\000n\000t\000a\000t\000i\000o\000n}{section.8}% 25
\BOOKMARK [3][-]{subsubsection.8.2.1}{\376\377\000A\000r\000i\000t\000h\000m\000a\000t\000i\000c\000\040\000a\000n\000d\000\040\000L\000o\000g\000i\000c\000a\000l\000\040\000o\000p\000e\000r\000a\000t\000i\000o\000n\000s}{subsection.8.2}% 26
\BOOKMARK [3][-]{subsubsection.8.2.2}{\376\377\000D\000a\000t\000a\000\040\000t\000r\000a\000n\000s\000f\000e\000r\000\040\000i\000n\000s\000t\000r\000u\000c\000t\000i\000o\000n\000s}{subsection.8.2}% 27
\BOOKMARK [3][-]{subsubsection.8.2.3}{\376\377\000B\000r\000a\000n\000c\000h\000e\000s}{subsection.8.2}% 28
\BOOKMARK [2][-]{subsection.8.3}{\376\377\000I\000n\000s\000t\000r\000u\000c\000t\000i\000o\000n\000\040\000E\000x\000e\000c\000u\000t\000i\000o\000n\000\040\000C\000y\000c\000l\000e}{section.8}% 29
\BOOKMARK [3][-]{subsubsection.8.3.1}{\376\377\000F\000e\000t\000c\000h\000\040\000s\000t\000a\000g\000e}{subsection.8.3}% 30
\BOOKMARK [3][-]{subsubsection.8.3.2}{\376\377\000D\000e\000c\000o\000d\000e\000\040\000s\000t\000a\000g\000e}{subsection.8.3}% 31
\BOOKMARK [3][-]{subsubsection.8.3.3}{\376\377\000O\000p\000e\000r\000a\000n\000d\000\040\000f\000e\000t\000c\000h\000\040\000s\000t\000a\000g\000e}{subsection.8.3}% 32
\BOOKMARK [3][-]{subsubsection.8.3.4}{\376\377\000E\000x\000e\000c\000u\000t\000e\000\040\000s\000t\000a\000g\000e}{subsection.8.3}% 33
\BOOKMARK [3][-]{subsubsection.8.3.5}{\376\377\000R\000e\000g\000i\000s\000t\000e\000r\000\040\000w\000r\000i\000t\000e\000\040\000s\000t\000a\000g\000e}{subsection.8.3}% 34
\BOOKMARK [2][-]{subsection.8.4}{\376\377\000B\000u\000i\000l\000d\000\040\000a\000\040\000M\000I\000P\000s\000s\000\040\000P\000r\000o\000c\000e\000s\000s\000o\000r}{section.8}% 35
\BOOKMARK [3][-]{subsubsection.8.4.1}{\376\377\000F\000e\000t\000c\000h\000\040\000s\000t\000a\000g\000e}{subsection.8.4}% 36
\BOOKMARK [3][-]{subsubsection.8.4.2}{\376\377\000D\000e\000c\000o\000d\000e\000\040\000s\000t\000a\000g\000e}{subsection.8.4}% 37
\BOOKMARK [3][-]{subsubsection.8.4.3}{\376\377\000A\000L\000U\000\040\000s\000t\000a\000g\000e}{subsection.8.4}% 38
\BOOKMARK [3][-]{subsubsection.8.4.4}{\376\377\000M\000e\000m\000o\000r\000y\000\040\000s\000t\000a\000g\000e}{subsection.8.4}% 39
\BOOKMARK [3][-]{subsubsection.8.4.5}{\376\377\000R\000e\000g\000i\000s\000t\000e\000r\000\040\000w\000r\000i\000t\000e\000\040\000s\000t\000a\000g\000e}{subsection.8.4}% 40
